# JRE version: OpenJDK Runtime Environment (8.0_322-b06) (build 1.8.0_322-b06)
# Java VM: OpenJDK 64-Bit Server VM (25.322-b06 mixed mode windows-amd64 compressed oops)
Heap:
 PSYoungGen      total 75776K, used 43179K [0x000000076b980000, 0x0000000773200000, 0x00000007c0000000)
  eden space 65024K, 55% used [0x000000076b980000,0x000000076dcf02f0,0x000000076f900000)
  from space 10752K, 64% used [0x0000000770380000,0x0000000770a3aa38,0x0000000770e00000)
  to   space 10752K, 0% used [0x000000076f900000,0x000000076f900000,0x0000000770380000)
 ParOldGen       total 97280K, used 6170K [0x00000006c2c00000, 0x00000006c8b00000, 0x000000076b980000)
  object space 97280K, 6% used [0x00000006c2c00000,0x00000006c3206a88,0x00000006c8b00000)
 Metaspace       used 26315K, capacity 28298K, committed 28416K, reserved 1073152K
  class space    used 3396K, capacity 3769K, committed 3840K, reserved 1048576K
GC Heap History (10 events):
Event: 0.659 GC heap before
{Heap before GC invocations=1 (full 0):
 PSYoungGen      total 75776K, used 65024K [0x000000076b980000, 0x0000000770e00000, 0x00000007c0000000)
  eden space 65024K, 100% used [0x000000076b980000,0x000000076f900000,0x000000076f900000)
  from space 10752K, 0% used [0x0000000770380000,0x0000000770380000,0x0000000770e00000)
  to   space 10752K, 0% used [0x000000076f900000,0x000000076f900000,0x0000000770380000)
 ParOldGen       total 173568K, used 0K [0x00000006c2c00000, 0x00000006cd580000, 0x000000076b980000)
  object space 173568K, 0% used [0x00000006c2c00000,0x00000006c2c00000,0x00000006cd580000)
 Metaspace       used 12199K, capacity 13286K, committed 13312K, reserved 1060864K
  class space    used 1546K, capacity 1767K, committed 1792K, reserved 1048576K
Event: 0.665 GC heap after
Heap after GC invocations=1 (full 0):
 PSYoungGen      total 75776K, used 7354K [0x000000076b980000, 0x0000000770e00000, 0x00000007c0000000)
  eden space 65024K, 0% used [0x000000076b980000,0x000000076b980000,0x000000076f900000)
  from space 10752K, 68% used [0x000000076f900000,0x000000077002e940,0x0000000770380000)
  to   space 10752K, 0% used [0x0000000770380000,0x0000000770380000,0x0000000770e00000)
 ParOldGen       total 173568K, used 16K [0x00000006c2c00000, 0x00000006cd580000, 0x000000076b980000)
  object space 173568K, 0% used [0x00000006c2c00000,0x00000006c2c04000,0x00000006cd580000)
 Metaspace       used 12199K, capacity 13286K, committed 13312K, reserved 1060864K
  class space    used 1546K, capacity 1767K, committed 1792K, reserved 1048576K
}
Event: 1.030 GC heap before
{Heap before GC invocations=2 (full 0):
 PSYoungGen      total 75776K, used 72378K [0x000000076b980000, 0x0000000770e00000, 0x00000007c0000000)
  eden space 65024K, 100% used [0x000000076b980000,0x000000076f900000,0x000000076f900000)
  from space 10752K, 68% used [0x000000076f900000,0x000000077002e940,0x0000000770380000)
  to   space 10752K, 0% used [0x0000000770380000,0x0000000770380000,0x0000000770e00000)
 ParOldGen       total 173568K, used 16K [0x00000006c2c00000, 0x00000006cd580000, 0x000000076b980000)
  object space 173568K, 0% used [0x00000006c2c00000,0x00000006c2c04000,0x00000006cd580000)
 Metaspace       used 18290K, capacity 19848K, committed 20096K, reserved 1067008K
  class space    used 2388K, capacity 2676K, committed 2688K, reserved 1048576K
Event: 1.036 GC heap after
Heap after GC invocations=2 (full 0):
 PSYoungGen      total 75776K, used 9276K [0x000000076b980000, 0x0000000770e00000, 0x00000007c0000000)
  eden space 65024K, 0% used [0x000000076b980000,0x000000076b980000,0x000000076f900000)
  from space 10752K, 86% used [0x0000000770380000,0x0000000770c8f230,0x0000000770e00000)
  to   space 10752K, 0% used [0x000000076f900000,0x000000076f900000,0x0000000770380000)
 ParOldGen       total 173568K, used 24K [0x00000006c2c00000, 0x00000006cd580000, 0x000000076b980000)
  object space 173568K, 0% used [0x00000006c2c00000,0x00000006c2c06000,0x00000006cd580000)
 Metaspace       used 18290K, capacity 19848K, committed 20096K, reserved 1067008K
  class space    used 2388K, capacity 2676K, committed 2688K, reserved 1048576K
}
Event: 1.078 GC heap before
{Heap before GC invocations=3 (full 0):
 PSYoungGen      total 75776K, used 22022K [0x000000076b980000, 0x0000000770e00000, 0x00000007c0000000)
  eden space 65024K, 19% used [0x000000076b980000,0x000000076c5f2780,0x000000076f900000)
  from space 10752K, 86% used [0x0000000770380000,0x0000000770c8f230,0x0000000770e00000)
  to   space 10752K, 0% used [0x000000076f900000,0x000000076f900000,0x0000000770380000)
 ParOldGen       total 173568K, used 24K [0x00000006c2c00000, 0x00000006cd580000, 0x000000076b980000)
  object space 173568K, 0% used [0x00000006c2c00000,0x00000006c2c06000,0x00000006cd580000)
 Metaspace       used 19598K, capacity 21166K, committed 21296K, reserved 1067008K
  class space    used 2535K, capacity 2857K, committed 2944K, reserved 1048576K
Event: 1.081 GC heap after
Heap after GC invocations=3 (full 0):
 PSYoungGen      total 75776K, used 6415K [0x000000076b980000, 0x0000000770e00000, 0x00000007c0000000)
  eden space 65024K, 0% used [0x000000076b980000,0x000000076b980000,0x000000076f900000)
  from space 10752K, 59% used [0x000000076f900000,0x000000076ff43d10,0x0000000770380000)
  to   space 10752K, 0% used [0x0000000770380000,0x0000000770380000,0x0000000770e00000)
 ParOldGen       total 173568K, used 32K [0x00000006c2c00000, 0x00000006cd580000, 0x000000076b980000)
  object space 173568K, 0% used [0x00000006c2c00000,0x00000006c2c08000,0x00000006cd580000)
 Metaspace       used 19598K, capacity 21166K, committed 21296K, reserved 1067008K
  class space    used 2535K, capacity 2857K, committed 2944K, reserved 1048576K
}
Event: 1.081 GC heap before
{Heap before GC invocations=4 (full 1):
 PSYoungGen      total 75776K, used 6415K [0x000000076b980000, 0x0000000770e00000, 0x00000007c0000000)
  eden space 65024K, 0% used [0x000000076b980000,0x000000076b980000,0x000000076f900000)
  from space 10752K, 59% used [0x000000076f900000,0x000000076ff43d10,0x0000000770380000)
  to   space 10752K, 0% used [0x0000000770380000,0x0000000770380000,0x0000000770e00000)
 ParOldGen       total 173568K, used 32K [0x00000006c2c00000, 0x00000006cd580000, 0x000000076b980000)
  object space 173568K, 0% used [0x00000006c2c00000,0x00000006c2c08000,0x00000006cd580000)
 Metaspace       used 19598K, capacity 21166K, committed 21296K, reserved 1067008K
  class space    used 2535K, capacity 2857K, committed 2944K, reserved 1048576K
Event: 1.102 GC heap after
Heap after GC invocations=4 (full 1):
 PSYoungGen      total 75776K, used 0K [0x000000076b980000, 0x0000000770e00000, 0x00000007c0000000)
  eden space 65024K, 0% used [0x000000076b980000,0x000000076b980000,0x000000076f900000)
  from space 10752K, 0% used [0x000000076f900000,0x000000076f900000,0x0000000770380000)
  to   space 10752K, 0% used [0x0000000770380000,0x0000000770380000,0x0000000770e00000)
 ParOldGen       total 97280K, used 6162K [0x00000006c2c00000, 0x00000006c8b00000, 0x000000076b980000)
  object space 97280K, 6% used [0x00000006c2c00000,0x00000006c3204a88,0x00000006c8b00000)
 Metaspace       used 19598K, capacity 21166K, committed 21296K, reserved 1067008K
  class space    used 2535K, capacity 2857K, committed 2944K, reserved 1048576K
}
Event: 1.337 GC heap before
{Heap before GC invocations=5 (full 1):
 PSYoungGen      total 75776K, used 65024K [0x000000076b980000, 0x0000000770e00000, 0x00000007c0000000)
  eden space 65024K, 100% used [0x000000076b980000,0x000000076f900000,0x000000076f900000)
  from space 10752K, 0% used [0x000000076f900000,0x000000076f900000,0x0000000770380000)
  to   space 10752K, 0% used [0x0000000770380000,0x0000000770380000,0x0000000770e00000)
 ParOldGen       total 97280K, used 6162K [0x00000006c2c00000, 0x00000006c8b00000, 0x000000076b980000)
  object space 97280K, 6% used [0x00000006c2c00000,0x00000006c3204a88,0x00000006c8b00000)
 Metaspace       used 24264K, capacity 26056K, committed 26368K, reserved 1073152K
  class space    used 3131K, capacity 3482K, committed 3584K, reserved 1048576K
Event: 1.340 GC heap after
Heap after GC invocations=5 (full 1):
 PSYoungGen      total 75776K, used 6890K [0x000000076b980000, 0x0000000773200000, 0x00000007c0000000)
  eden space 65024K, 0% used [0x000000076b980000,0x000000076b980000,0x000000076f900000)
  from space 10752K, 64% used [0x0000000770380000,0x0000000770a3aa38,0x0000000770e00000)
  to   space 10752K, 0% used [0x000000076f900000,0x000000076f900000,0x0000000770380000)
 ParOldGen       total 97280K, used 6170K [0x00000006c2c00000, 0x00000006c8b00000, 0x000000076b980000)
  object space 97280K, 6% used [0x00000006c2c00000,0x00000006c3206a88,0x00000006c8b00000)
 Metaspace       used 24264K, capacity 26056K, committed 26368K, reserved 1073152K
  class space    used 3131K, capacity 3482K, committed 3584K, reserved 1048576K
}

