# JRE version: OpenJDK Runtime Environment (8.0_322-b06) (build 1.8.0_322-b06)
# Java VM: OpenJDK 64-Bit Server VM (25.322-b06 mixed mode windows-amd64 compressed oops)
Heap:
 PSYoungGen      total 183808K, used 164326K [0x000000076b980000, 0x000000077a080000, 0x00000007c0000000)
  eden space 171520K, 95% used [0x000000076b980000,0x00000007759f99a0,0x0000000776100000)
  from space 12288K, 0% used [0x0000000776d00000,0x0000000776d00000,0x0000000777900000)
  to   space 12288K, 0% used [0x0000000776100000,0x0000000776100000,0x0000000776d00000)
 ParOldGen       total 92672K, used 10522K [0x00000006c2c00000, 0x00000006c8680000, 0x000000076b980000)
  object space 92672K, 11% used [0x00000006c2c00000,0x00000006c3646940,0x00000006c8680000)
 Metaspace       used 39184K, capacity 42442K, committed 42544K, reserved 1085440K
  class space    used 5283K, capacity 5842K, committed 5936K, reserved 1048576K
GC Heap History (10 events):
Event: 1.169 GC heap before
{Heap before GC invocations=4 (full 1):
 PSYoungGen      total 75776K, used 6759K [0x000000076b980000, 0x0000000774d80000, 0x00000007c0000000)
  eden space 65024K, 0% used [0x000000076b980000,0x000000076b980000,0x000000076f900000)
  from space 10752K, 62% used [0x000000076f900000,0x000000076ff99d38,0x0000000770380000)
  to   space 10752K, 0% used [0x0000000774300000,0x0000000774300000,0x0000000774d80000)
 ParOldGen       total 173568K, used 32K [0x00000006c2c00000, 0x00000006cd580000, 0x000000076b980000)
  object space 173568K, 0% used [0x00000006c2c00000,0x00000006c2c08000,0x00000006cd580000)
 Metaspace       used 19728K, capacity 21282K, committed 21296K, reserved 1067008K
  class space    used 2538K, capacity 2855K, committed 2864K, reserved 1048576K
Event: 1.192 GC heap after
Heap after GC invocations=4 (full 1):
 PSYoungGen      total 75776K, used 0K [0x000000076b980000, 0x0000000774d80000, 0x00000007c0000000)
  eden space 65024K, 0% used [0x000000076b980000,0x000000076b980000,0x000000076f900000)
  from space 10752K, 0% used [0x000000076f900000,0x000000076f900000,0x0000000770380000)
  to   space 10752K, 0% used [0x0000000774300000,0x0000000774300000,0x0000000774d80000)
 ParOldGen       total 92672K, used 6445K [0x00000006c2c00000, 0x00000006c8680000, 0x000000076b980000)
  object space 92672K, 6% used [0x00000006c2c00000,0x00000006c324b5c0,0x00000006c8680000)
 Metaspace       used 19728K, capacity 21282K, committed 21296K, reserved 1067008K
  class space    used 2538K, capacity 2855K, committed 2864K, reserved 1048576K
}
Event: 1.453 GC heap before
{Heap before GC invocations=5 (full 1):
 PSYoungGen      total 75776K, used 65024K [0x000000076b980000, 0x0000000774d80000, 0x00000007c0000000)
  eden space 65024K, 100% used [0x000000076b980000,0x000000076f900000,0x000000076f900000)
  from space 10752K, 0% used [0x000000076f900000,0x000000076f900000,0x0000000770380000)
  to   space 10752K, 0% used [0x0000000774300000,0x0000000774300000,0x0000000774d80000)
 ParOldGen       total 92672K, used 6445K [0x00000006c2c00000, 0x00000006c8680000, 0x000000076b980000)
  object space 92672K, 6% used [0x00000006c2c00000,0x00000006c324b5c0,0x00000006c8680000)
 Metaspace       used 24288K, capacity 26072K, committed 26288K, reserved 1073152K
  class space    used 3134K, capacity 3484K, committed 3504K, reserved 1048576K
Event: 1.458 GC heap after
Heap after GC invocations=5 (full 1):
 PSYoungGen      total 114176K, used 6755K [0x000000076b980000, 0x0000000774a00000, 0x00000007c0000000)
  eden space 107008K, 0% used [0x000000076b980000,0x000000076b980000,0x0000000772200000)
  from space 7168K, 94% used [0x0000000774300000,0x0000000774998f08,0x0000000774a00000)
  to   space 10752K, 0% used [0x0000000773500000,0x0000000773500000,0x0000000773f80000)
 ParOldGen       total 92672K, used 6453K [0x00000006c2c00000, 0x00000006c8680000, 0x000000076b980000)
  object space 92672K, 6% used [0x00000006c2c00000,0x00000006c324d5c0,0x00000006c8680000)
 Metaspace       used 24288K, capacity 26072K, committed 26288K, reserved 1073152K
  class space    used 3134K, capacity 3484K, committed 3504K, reserved 1048576K
}
Event: 2.096 GC heap before
{Heap before GC invocations=6 (full 1):
 PSYoungGen      total 114176K, used 113763K [0x000000076b980000, 0x0000000774a00000, 0x00000007c0000000)
  eden space 107008K, 100% used [0x000000076b980000,0x0000000772200000,0x0000000772200000)
  from space 7168K, 94% used [0x0000000774300000,0x0000000774998f08,0x0000000774a00000)
  to   space 10752K, 0% used [0x0000000773500000,0x0000000773500000,0x0000000773f80000)
 ParOldGen       total 92672K, used 6453K [0x00000006c2c00000, 0x00000006c8680000, 0x000000076b980000)
  object space 92672K, 6% used [0x00000006c2c00000,0x00000006c324d5c0,0x00000006c8680000)
 Metaspace       used 32404K, capacity 34712K, committed 34736K, reserved 1079296K
  class space    used 4326K, capacity 4772K, committed 4784K, reserved 1048576K
Event: 2.103 GC heap after
Heap after GC invocations=6 (full 1):
 PSYoungGen      total 137216K, used 10751K [0x000000076b980000, 0x0000000777900000, 0x00000007c0000000)
  eden space 126464K, 0% used [0x000000076b980000,0x000000076b980000,0x0000000773500000)
  from space 10752K, 99% used [0x0000000773500000,0x0000000773f7fd68,0x0000000773f80000)
  to   space 12288K, 0% used [0x0000000776d00000,0x0000000776d00000,0x0000000777900000)
 ParOldGen       total 92672K, used 7723K [0x00000006c2c00000, 0x00000006c8680000, 0x000000076b980000)
  object space 92672K, 8% used [0x00000006c2c00000,0x00000006c338ad78,0x00000006c8680000)
 Metaspace       used 32404K, capacity 34712K, committed 34736K, reserved 1079296K
  class space    used 4326K, capacity 4772K, committed 4784K, reserved 1048576K
}
Event: 2.146 GC heap before
{Heap before GC invocations=7 (full 1):
 PSYoungGen      total 137216K, used 21298K [0x000000076b980000, 0x0000000777900000, 0x00000007c0000000)
  eden space 126464K, 8% used [0x000000076b980000,0x000000076c3ccab0,0x0000000773500000)
  from space 10752K, 99% used [0x0000000773500000,0x0000000773f7fd68,0x0000000773f80000)
  to   space 12288K, 0% used [0x0000000776d00000,0x0000000776d00000,0x0000000777900000)
 ParOldGen       total 92672K, used 7723K [0x00000006c2c00000, 0x00000006c8680000, 0x000000076b980000)
  object space 92672K, 8% used [0x00000006c2c00000,0x00000006c338ad78,0x00000006c8680000)
 Metaspace       used 33080K, capacity 35428K, committed 35496K, reserved 1079296K
  class space    used 4418K, capacity 4866K, committed 4912K, reserved 1048576K
Event: 2.149 GC heap after
Heap after GC invocations=7 (full 1):
 PSYoungGen      total 183808K, used 5493K [0x000000076b980000, 0x000000077a080000, 0x00000007c0000000)
  eden space 171520K, 0% used [0x000000076b980000,0x000000076b980000,0x0000000776100000)
  from space 12288K, 44% used [0x0000000776d00000,0x000000077725d468,0x0000000777900000)
  to   space 12288K, 0% used [0x0000000776100000,0x0000000776100000,0x0000000776d00000)
 ParOldGen       total 92672K, used 7723K [0x00000006c2c00000, 0x00000006c8680000, 0x000000076b980000)
  object space 92672K, 8% used [0x00000006c2c00000,0x00000006c338ad78,0x00000006c8680000)
 Metaspace       used 33080K, capacity 35428K, committed 35496K, reserved 1079296K
  class space    used 4418K, capacity 4866K, committed 4912K, reserved 1048576K
}
Event: 2.149 GC heap before
{Heap before GC invocations=8 (full 2):
 PSYoungGen      total 183808K, used 5493K [0x000000076b980000, 0x000000077a080000, 0x00000007c0000000)
  eden space 171520K, 0% used [0x000000076b980000,0x000000076b980000,0x0000000776100000)
  from space 12288K, 44% used [0x0000000776d00000,0x000000077725d468,0x0000000777900000)
  to   space 12288K, 0% used [0x0000000776100000,0x0000000776100000,0x0000000776d00000)
 ParOldGen       total 92672K, used 7723K [0x00000006c2c00000, 0x00000006c8680000, 0x000000076b980000)
  object space 92672K, 8% used [0x00000006c2c00000,0x00000006c338ad78,0x00000006c8680000)
 Metaspace       used 33080K, capacity 35428K, committed 35496K, reserved 1079296K
  class space    used 4418K, capacity 4866K, committed 4912K, reserved 1048576K
Event: 2.169 GC heap after
Heap after GC invocations=8 (full 2):
 PSYoungGen      total 183808K, used 0K [0x000000076b980000, 0x000000077a080000, 0x00000007c0000000)
  eden space 171520K, 0% used [0x000000076b980000,0x000000076b980000,0x0000000776100000)
  from space 12288K, 0% used [0x0000000776d00000,0x0000000776d00000,0x0000000777900000)
  to   space 12288K, 0% used [0x0000000776100000,0x0000000776100000,0x0000000776d00000)
 ParOldGen       total 92672K, used 10522K [0x00000006c2c00000, 0x00000006c8680000, 0x000000076b980000)
  object space 92672K, 11% used [0x00000006c2c00000,0x00000006c3646940,0x00000006c8680000)
 Metaspace       used 33080K, capacity 35428K, committed 35496K, reserved 1079296K
  class space    used 4418K, capacity 4866K, committed 4912K, reserved 1048576K
}

